[1;34m[2024-08-16 13:57:41] englisg_auction: Check FAILED[0m
[1;34m[2024-08-16 13:57:41] erc20: Check FAILED[0m
[1;34m[2024-08-16 13:57:41] erc721: Check FAILED[0m
[1;34m[2024-08-16 13:57:41] multi_sig: Check FAILED[0m
[1;34m[2024-08-16 13:57:41] vending_machine: Check FAILED[0m
[1;34m[2024-08-16 13:57:41] constants: Check FAILED[0m
[1;34m[2024-08-16 13:57:41] encode_and_hashing: Check FAILED[0m
[1;34m[2024-08-16 13:57:41] events: Check FAILED[0m
[1;34m[2024-08-16 13:57:41] primitive_data_types: Check FAILED[0m
[1;34m[2024-08-16 13:57:41] sending_ether: Check FAILED[0m
[1;34m[2024-08-16 13:57:41] variables: Check FAILED[0m
[1;34m[2024-08-16 13:57:41] verify_signature: Check FAILED[0m
[1;34m[2024-08-16 15:24:32] englisg_auction: Check PASSED[0m
[1;34m[2024-08-16 15:25:15] erc20: Check PASSED[0m
[1;34m[2024-08-16 15:25:58] erc721: Check PASSED[0m
[1;34m[2024-08-16 15:26:41] multi_sig: Check PASSED[0m
[1;34m[2024-08-16 15:27:23] vending_machine: Check PASSED[0m
[1;34m[2024-08-16 15:28:05] constants: Check PASSED[0m
[1;34m[2024-08-16 15:28:29] encode_and_hashing: Check FAILED[0m
[1;34m[2024-08-16 15:28:52] events: Check PASSED[0m
[1;34m[2024-08-16 15:29:34] primitive_data_types: Check PASSED[0m
[1;34m[2024-08-16 15:30:17] sending_ether: Check PASSED[0m
[1;34m[2024-08-16 15:30:55] variables: Check PASSED[0m
[1;34m[2024-08-16 15:31:16] verify_signature: Check FAILED[0m
[1;34m[2024-08-16 15:32:19] englisg_auction: Check PASSED[0m
[1;34m[2024-08-16 15:32:24] erc20: Check PASSED[0m
[1;34m[2024-08-16 15:32:30] erc721: Check PASSED[0m
[1;34m[2024-08-16 15:32:37] multi_sig: Check PASSED[0m
[1;34m[2024-08-16 15:32:41] vending_machine: Check PASSED[0m
[1;34m[2024-08-16 15:32:46] constants: Check PASSED[0m
[1;34m[2024-08-16 15:32:47] encode_and_hashing: Check FAILED[0m
[1;34m[2024-08-16 15:32:51] events: Check PASSED[0m
[1;34m[2024-08-16 15:32:55] primitive_data_types: Check PASSED[0m
[1;34m[2024-08-16 15:32:59] sending_ether: Check PASSED[0m
[1;34m[2024-08-16 15:33:03] variables: Check PASSED[0m
[1;34m[2024-08-16 15:33:14] englisg_auction: Check PASSED[0m
[1;34m[2024-08-16 15:33:18] erc20: Check PASSED[0m
[1;34m[2024-08-16 15:33:23] erc721: Check PASSED[0m
[1;34m[2024-08-16 15:33:28] multi_sig: Check PASSED[0m
[1;34m[2024-08-16 15:33:32] vending_machine: Check PASSED[0m
[1;34m[2024-08-16 15:33:36] constants: Check PASSED[0m
[1;34m[2024-08-16 15:33:40] events: Check PASSED[0m
[1;34m[2024-08-16 15:33:45] primitive_data_types: Check PASSED[0m
[1;34m[2024-08-16 15:33:49] sending_ether: Check PASSED[0m
[1;34m[2024-08-16 15:33:53] variables: Check PASSED[0m
